#
# There is insufficient memory for the Java Runtime Environment to continue.
# Native memory allocation (malloc) failed to allocate 1048576 bytes. Error detail: AllocateHeap
# Possible reasons:
#   The system is out of physical RAM or swap space
#   This process is running with CompressedOops enabled, and the Java Heap may be blocking the growth of the native heap
# Possible solutions:
#   Reduce memory load on the system
#   Increase physical memory or swap space
#   Check if swap backing store is full
#   Decrease Java heap size (-Xmx/-Xms)
#   Decrease number of Java threads
#   Decrease Java thread stack sizes (-Xss)
#   Set larger code cache with -XX:ReservedCodeCacheSize=
#   JVM is running with Unscaled Compressed Oops mode in which the Java heap is
#     placed in the first 4GB address space. The Java Heap base address is the
#     maximum limit for the native heap growth. Please use -XX:HeapBaseMinAddress
#     to set the Java Heap base and to place the Java Heap above 4GB virtual address.
# This output file may be truncated or incomplete.
#
#  Out of Memory Error (allocation.cpp:44), pid=14304, tid=18380
#
# JRE version:  (21.0.4) (build )
# Java VM: OpenJDK 64-Bit Server VM (21.0.4+-12508038-b607.1, mixed mode, sharing, tiered, compressed oops, compressed class ptrs, g1 gc, windows-amd64)
# No core dump will be written. Minidumps are not enabled by default on client versions of Windows
#

---------------  S U M M A R Y ------------

Command Line: -Dapplication.home=D:\apps\Android Estudio\New installed\jbr --add-modules=ALL-DEFAULT -Xms8m -Djdk.module.main=jdk.jlink jdk.jlink/jdk.tools.jlink.internal.Main --version

Host: Intel(R) Core(TM) i5-10300H CPU @ 2.50GHz, 8 cores, 15G,  Windows 11 , 64 bit Build 26100 (10.0.26100.2454)
Time: Mon Jan 13 01:20:50 2025 Hora est. Pacífico, Sudamérica elapsed time: 1.213526 seconds (0d 0h 0m 1s)

---------------  T H R E A D  ---------------

Current thread (0x000001d6e36dbe40):  JavaThread "Unknown thread" [_thread_in_vm, id=18380, stack(0x000000472f200000,0x000000472f300000) (1024K)]

Stack: [0x000000472f200000,0x000000472f300000]
Native frames: (J=compiled Java code, j=interpreted, Vv=VM code, C=native code)
V  [jvm.dll+0x6ce539]
V  [jvm.dll+0x85bf03]
V  [jvm.dll+0x85e45e]
V  [jvm.dll+0x85eb43]
V  [jvm.dll+0x27dd06]
V  [jvm.dll+0xba147]
V  [jvm.dll+0x3246b5]
V  [jvm.dll+0x82391d]
V  [jvm.dll+0x3bacf8]
V  [jvm.dll+0x80cd58]
V  [jvm.dll+0x44ef2e]
V  [jvm.dll+0x450691]
C  [jli.dll+0x52ab]
C  [ucrtbase.dll+0x14ea0]
C  [KERNEL32.DLL+0x2e8d7]
C  [ntdll.dll+0xdfbcc]


---------------  P R O C E S S  ---------------

Threads class SMR info:
_java_thread_list=0x00007ffcce71a808, length=0, elements={
}

Java Threads: ( => current thread )
Total: 0

Other Threads:

=>0x000001d6e36dbe40 (exited) JavaThread "Unknown thread"    [_thread_in_vm, id=18380, stack(0x000000472f200000,0x000000472f300000) (1024K)]
Total: 1

Threads with active compile tasks:
Total: 0

VM state: not at safepoint (not fully initialized)

VM Mutex/Monitor currently owned by a thread: None

Heap address: 0x0000000000000000, size: 0 MB, Compressed Oops mode: 32-bit

CDS archive(s) mapped at: [0x0000000000000000-0x0000000000000000-0x0000000000000000), size 0, SharedBaseAddress: 0x0000000800000000, ArchiveRelocationMode: 1.
Narrow klass base: 0x0000000000000000, Narrow klass shift: 0, Narrow klass range: 0x0

GC Precious Log:
 CardTable entry size: 512
 Card Set container configuration: InlinePtr #cards 4 size 8 Array Of Cards #cards 16 size 48 Howl #buckets 8 coarsen threshold 3686 Howl Bitmap #cards 512 size 80 coarsen threshold 460 Card regions per heap region 1 cards per card region 4096

GC Heap History (0 events):
No events

Dll operation events (1 events):
Event: 0.010 Loaded shared library D:\apps\Android Estudio\New installed\jbr\bin\java.dll

Deoptimization events (0 events):
No events

Classes loaded (0 events):
No events

Classes unloaded (0 events):
No events

Classes redefined (0 events):
No events

Internal exceptions (0 events):
No events

ZGC Phase Switch (0 events):
No events

VM Operations (0 events):
No events

Memory protections (0 events):
No events

Nmethod flushes (0 events):
No events

Events (0 events):
No events


Dynamic libraries:
0x00007ff708920000 - 0x00007ff708928000 	D:\apps\Android Estudio\New installed\jbr\bin\jlink.exe
0x00007ffda6de0000 - 0x00007ffda7043000 	C:\WINDOWS\SYSTEM32\ntdll.dll
0x00007ffda5530000 - 0x00007ffda55f8000 	C:\WINDOWS\System32\KERNEL32.DLL
0x00007ffda44f0000 - 0x00007ffda48a2000 	C:\WINDOWS\System32\KERNELBASE.dll
0x00007ffda0e20000 - 0x00007ffda0ebc000 	C:\WINDOWS\SYSTEM32\apphelp.dll
0x00007ffda4270000 - 0x00007ffda43bb000 	C:\WINDOWS\System32\ucrtbase.dll
0x00007ffd8b020000 - 0x00007ffd8b03b000 	D:\apps\Android Estudio\New installed\jbr\bin\VCRUNTIME140.dll
0x00007ffd85b50000 - 0x00007ffd85b68000 	D:\apps\Android Estudio\New installed\jbr\bin\jli.dll
0x00007ffda4d20000 - 0x00007ffda4ee8000 	C:\WINDOWS\System32\USER32.dll
0x00007ffd8ca50000 - 0x00007ffd8cce0000 	C:\WINDOWS\WinSxS\amd64_microsoft.windows.common-controls_6595b64144ccf1df_6.0.26100.2454_none_3e0b68a2e331ad60\COMCTL32.dll
0x00007ffda49e0000 - 0x00007ffda4a07000 	C:\WINDOWS\System32\win32u.dll
0x00007ffda5060000 - 0x00007ffda5109000 	C:\WINDOWS\System32\msvcrt.dll
0x00007ffda4cf0000 - 0x00007ffda4d1a000 	C:\WINDOWS\System32\GDI32.dll
0x00007ffda48b0000 - 0x00007ffda49db000 	C:\WINDOWS\System32\gdi32full.dll
0x00007ffda4b90000 - 0x00007ffda4c33000 	C:\WINDOWS\System32\msvcp_win.dll
0x00007ffda4f70000 - 0x00007ffda4f9f000 	C:\WINDOWS\System32\IMM32.DLL
0x00007ffd9ec60000 - 0x00007ffd9ec6c000 	D:\apps\Android Estudio\New installed\jbr\bin\vcruntime140_1.dll
0x00007ffd31cd0000 - 0x00007ffd31d5d000 	D:\apps\Android Estudio\New installed\jbr\bin\msvcp140.dll
0x00007ffccdbe0000 - 0x00007ffcce863000 	D:\apps\Android Estudio\New installed\jbr\bin\server\jvm.dll
0x00007ffda5660000 - 0x00007ffda5714000 	C:\WINDOWS\System32\ADVAPI32.dll
0x00007ffda4fb0000 - 0x00007ffda5056000 	C:\WINDOWS\System32\sechost.dll
0x00007ffda6a90000 - 0x00007ffda6ba6000 	C:\WINDOWS\System32\RPCRT4.dll
0x00007ffda4ef0000 - 0x00007ffda4f64000 	C:\WINDOWS\System32\WS2_32.dll
0x00007ffda2e30000 - 0x00007ffda2e7e000 	C:\WINDOWS\SYSTEM32\POWRPROF.dll
0x00007ffd96320000 - 0x00007ffd96356000 	C:\WINDOWS\SYSTEM32\WINMM.dll
0x00007ffd9d310000 - 0x00007ffd9d31b000 	C:\WINDOWS\SYSTEM32\VERSION.dll
0x00007ffda2e10000 - 0x00007ffda2e24000 	C:\WINDOWS\SYSTEM32\UMPDC.dll
0x00007ffda30d0000 - 0x00007ffda30ea000 	C:\WINDOWS\SYSTEM32\kernel.appcore.dll
0x00007ffd9cb20000 - 0x00007ffd9cb2a000 	D:\apps\Android Estudio\New installed\jbr\bin\jimage.dll
0x00007ffda1730000 - 0x00007ffda1971000 	C:\WINDOWS\SYSTEM32\DBGHELP.DLL
0x00007ffda5110000 - 0x00007ffda548e000 	C:\WINDOWS\System32\combase.dll
0x00007ffda69b0000 - 0x00007ffda6a86000 	C:\WINDOWS\System32\OLEAUT32.dll
0x00007ffd6c020000 - 0x00007ffd6c059000 	C:\WINDOWS\SYSTEM32\dbgcore.DLL
0x00007ffda4450000 - 0x00007ffda44e9000 	C:\WINDOWS\System32\bcryptPrimitives.dll
0x00007ffd85c20000 - 0x00007ffd85c40000 	D:\apps\Android Estudio\New installed\jbr\bin\java.dll

dbghelp: loaded successfully - version: 4.0.5 - missing functions: none
symbol engine: initialized successfully - sym options: 0x614 - pdb path: .;D:\apps\Android Estudio\New installed\jbr\bin;C:\WINDOWS\SYSTEM32;C:\WINDOWS\WinSxS\amd64_microsoft.windows.common-controls_6595b64144ccf1df_6.0.26100.2454_none_3e0b68a2e331ad60;D:\apps\Android Estudio\New installed\jbr\bin\server

VM Arguments:
jvm_args: -Dapplication.home=D:\apps\Android Estudio\New installed\jbr --add-modules=ALL-DEFAULT -Xms8m -Djdk.module.main=jdk.jlink 
java_command: jdk.jlink/jdk.tools.jlink.internal.Main --version
java_class_path (initial): <not set>
Launcher Type: SUN_STANDARD

[Global flags]
     intx CICompilerCount                          = 4                                         {product} {ergonomic}
     uint ConcGCThreads                            = 2                                         {product} {ergonomic}
     uint G1ConcRefinementThreads                  = 8                                         {product} {ergonomic}
   size_t G1HeapRegionSize                         = 2097152                                   {product} {ergonomic}
    uintx GCDrainStackTargetSize                   = 64                                        {product} {ergonomic}
   size_t InitialHeapSize                          = 8388608                                   {product} {command line}
   size_t MarkStackSize                            = 4194304                                   {product} {ergonomic}
   size_t MaxHeapSize                              = 4253024256                                {product} {ergonomic}
   size_t MinHeapDeltaBytes                        = 2097152                                   {product} {ergonomic}
   size_t MinHeapSize                              = 8388608                                   {product} {command line}
    uintx NonNMethodCodeHeapSize                   = 5839372                                {pd product} {ergonomic}
    uintx NonProfiledCodeHeapSize                  = 122909434                              {pd product} {ergonomic}
    uintx ProfiledCodeHeapSize                     = 122909434                              {pd product} {ergonomic}
    uintx ReservedCodeCacheSize                    = 251658240                              {pd product} {ergonomic}
     bool SegmentedCodeCache                       = true                                      {product} {ergonomic}
   size_t SoftMaxHeapSize                          = 4253024256                             {manageable} {ergonomic}
     bool UseCompressedOops                        = true                           {product lp64_product} {ergonomic}
     bool UseG1GC                                  = true                                      {product} {ergonomic}
     bool UseLargePagesIndividualAllocation        = false                                  {pd product} {ergonomic}

Logging:
Log output configuration:
 #0: stdout all=warning uptime,level,tags foldmultilines=false
 #1: stderr all=off uptime,level,tags foldmultilines=false

Environment Variables:
JAVA_HOME=C:\Program Files\Eclipse Adoptium\jdk-17.0.13.11-hotspot\
PATH=C:\Python312\Scripts\;C:\Python312\;C:\Program Files\Eclipse Adoptium\jdk-17.0.13.11-hotspot\bin;C:\Program Files\Common Files\Oracle\Java\javapath;C:\Windows\system32;C:\Windows;C:\Windows\System32\Wbem;C:\Windows\System32\WindowsPowerShell\v1.0\;C:\Windows\System32\OpenSSH\;C:\Program Files (x86)\NVIDIA Corporation\PhysX\Common;C:\WINDOWS\system32;C:\WINDOWS;C:\WINDOWS\System32\Wbem;C:\WINDOWS\System32\WindowsPowerShell\v1.0\;C:\WINDOWS\System32\OpenSSH\;D:\apps\Mven\apache-maven-3.9.5-bin\apache-maven-3.9.5\bin;C:\Program Files\dotnet\;C:\FFMPEG;C:\Program Files (x86)\Microsoft SQL Server\160\Tools\Binn\;C:\Program Files\Microsoft SQL Server\160\Tools\Binn\;C:\Program Files\Microsoft SQL Server\Client SDK\ODBC\170\Tools\Binn\;C:\Program Files\Microsoft SQL Server\160\DTS\Binn\;C:\Program Files (x86)\Microsoft SQL Server\160\DTS\Binn\;C:\ProgramData\chocolatey\bin;D:\apps\Gradle\gradle-8.10.2-all\gradle-8.10.2\bin;C:\Program Files\NVIDIA Corporation\NVIDIA app\NvDLISR;C:\Users\andre\AppData\Local\Android\Sdk\platform-tools;C:\Users\andre\AppData\Local\Android\Sdk\tools;C:\Program Files\Docker\Docker\resources\bin;D:\apps\Git\installed\Git\cmd;C:\Users\andre\AppData\Local\Programs\Python\Python311\Scripts\;C:\Users\andre\AppData\Local\Programs\Python\Python311\;C:\Users\andre\AppData\Local\Programs\Python\Launcher\;C:\Users\andre\AppData\Local\Microsoft\WindowsApps;;D:\apps\VStudio Code\installed\Microsoft VS Code\bin
USERNAME=andre
OS=Windows_NT
PROCESSOR_IDENTIFIER=Intel64 Family 6 Model 165 Stepping 2, GenuineIntel
TMP=C:\Users\andre\AppData\Local\Temp
TEMP=C:\Users\andre\AppData\Local\Temp




Periodic native trim disabled

JNI global refs:
JNI global refs: 0, weak refs: 0

JNI global refs memory usage: 0, weak refs: 0

Process memory usage:
Resident Set Size: 13428K (0% of 16610312K total physical memory with 2726756K free physical memory)

OOME stack traces (most recent first):
Classloader memory used:

---------------  S Y S T E M  ---------------

OS:
 Windows 11 , 64 bit Build 26100 (10.0.26100.2454)
OS uptime: 0 days 8:21 hours
Hyper-V role detected

CPU: total 8 (initial active 8) (4 cores per cpu, 2 threads per core) family 6 model 165 stepping 2 microcode 0xe0, cx8, cmov, fxsr, ht, mmx, 3dnowpref, sse, sse2, sse3, ssse3, sse4.1, sse4.2, popcnt, lzcnt, tsc, tscinvbit, avx, avx2, aes, erms, clmul, bmi1, bmi2, adx, fma, vzeroupper, clflush, clflushopt, hv, rdtscp, f16c
Processor Information for all 8 processors :
  Max Mhz: 2496, Current Mhz: 2496, Mhz Limit: 2496

Memory: 4k page, system-wide physical 16221M (2662M free)
TotalPageFile size 18269M (AvailPageFile size 14M)
current process WorkingSet (physical memory assigned to process): 13M, peak: 13M
current process commit charge ("private bytes"): 17M, peak: 18M

vm_info: OpenJDK 64-Bit Server VM (21.0.4+-12508038-b607.1) for windows-amd64 JRE (21.0.4+-12508038-b607.1), built on 2024-10-16T17:23:34Z by "builder" with MS VC++ 16.10 / 16.11 (VS2019)

END.
